<?xml version="1.0" encoding="UTF-8"?>
<!-- Generated by org.testng.reporters.JUnitReportReporter -->
<testsuite hostname="IBM-21J0LQ3" failures="0" tests="1" name="com.ajio.qa.testcases.HomepageTest" time="95.284" errors="0" timestamp="2022-12-23T21:51:26 IST" skipped="0">
  <testcase classname="com.ajio.qa.testcases.HomepageTest" name="verifyAccountIconTest" time="95.284"/>
  <system-out/>
</testsuite> <!-- com.ajio.qa.testcases.HomepageTest -->
