<?xml version="1.0" encoding="UTF-8"?>
<!-- Generated by org.testng.reporters.JUnitReportReporter -->
<testsuite hostname="IBM-21J0LQ3" failures="0" tests="16" name="com.ajio.qa.testcases.AccountPageTest" time="99.218" errors="0" timestamp="2022-12-23T21:51:26 IST" skipped="15">
  <testcase classname="com.ajio.qa.testcases.AccountPageTest" name="verifyReturnRefundPolicyLinkTest" time="99.218"/>
  <system-out/>
  <testcase classname="com.ajio.qa.testcases.AccountPageTest" name="verifyAccountPageHeader">
    <skipped/>
  </testcase> <!-- verifyAccountPageHeader -->
  <system-out/>
  <testcase classname="com.ajio.qa.testcases.AccountPageTest" name="verifyReturnCreationDemoLinkTest">
    <skipped/>
  </testcase> <!-- verifyReturnCreationDemoLinkTest -->
  <system-out/>
  <testcase classname="com.ajio.qa.testcases.AccountPageTest" name="verifyNotificationsLinkTest">
    <skipped/>
  </testcase> <!-- verifyNotificationsLinkTest -->
  <system-out/>
  <testcase classname="com.ajio.qa.testcases.AccountPageTest" name="verifyJoinTeamLinkTest">
    <skipped/>
  </testcase> <!-- verifyJoinTeamLinkTest -->
  <system-out/>
  <testcase classname="com.ajio.qa.testcases.AccountPageTest" name="verifyCouponRedeemLinkTest">
    <skipped/>
  </testcase> <!-- verifyCouponRedeemLinkTest -->
  <system-out/>
  <testcase classname="com.ajio.qa.testcases.AccountPageTest" name="verifyPrivacyPolicyLinkTest">
    <skipped/>
  </testcase> <!-- verifyPrivacyPolicyLinkTest -->
  <system-out/>
  <testcase classname="com.ajio.qa.testcases.AccountPageTest" name="verifyHowToReturnLinkTest">
    <skipped/>
  </testcase> <!-- verifyHowToReturnLinkTest -->
  <system-out/>
  <testcase classname="com.ajio.qa.testcases.AccountPageTest" name="verifyGameZoneLinkTest">
    <skipped/>
  </testcase> <!-- verifyGameZoneLinkTest -->
  <system-out/>
  <testcase classname="com.ajio.qa.testcases.AccountPageTest" name="verifyFeesAndPaymentsLinkTest">
    <skipped/>
  </testcase> <!-- verifyFeesAndPaymentsLinkTest -->
  <system-out/>
  <testcase classname="com.ajio.qa.testcases.AccountPageTest" name="verifyReferralLinkTest">
    <skipped/>
  </testcase> <!-- verifyReferralLinkTest -->
  <system-out/>
  <testcase classname="com.ajio.qa.testcases.AccountPageTest" name="verifyCustomerCareLinkTest">
    <skipped/>
  </testcase> <!-- verifyCustomerCareLinkTest -->
  <system-out/>
  <testcase classname="com.ajio.qa.testcases.AccountPageTest" name="verifyTermsandConditionsLinkTest">
    <skipped/>
  </testcase> <!-- verifyTermsandConditionsLinkTest -->
  <system-out/>
  <testcase classname="com.ajio.qa.testcases.AccountPageTest" name="verifyPromoTermsandConditionsLinkTest">
    <skipped/>
  </testcase> <!-- verifyPromoTermsandConditionsLinkTest -->
  <system-out/>
  <testcase classname="com.ajio.qa.testcases.AccountPageTest" name="verifyCouponQuestLinkTest">
    <skipped/>
  </testcase> <!-- verifyCouponQuestLinkTest -->
  <system-out/>
  <testcase classname="com.ajio.qa.testcases.AccountPageTest" name="verifyAboutUsLinkTest">
    <skipped/>
  </testcase> <!-- verifyAboutUsLinkTest -->
  <system-out/>
</testsuite> <!-- com.ajio.qa.testcases.AccountPageTest -->
