<?xml version="1.0" encoding="UTF-8"?>
<!-- Generated by org.testng.reporters.JUnitReportReporter -->
<testsuite hostname="IBM-21J0LQ3" failures="0" tests="1" name="com.ajio.qa.base.TestBase" time="13.336" errors="0" timestamp="07 Dec 2022 17:03:09 GMT" skipped="0">
  <testcase classname="com.ajio.qa.base.TestBase" name="initialization" time="13.336"/>
</testsuite> <!-- com.ajio.qa.base.TestBase -->
